[0.778s] Invoking command in '/home/ruize/Desktop/ShuCao_object_follower/src': CONDA_PROMPT_MODIFIER=(base) PYTHONPATH=/home/ruize/Desktop/ShuCao_object_follower/build/camera_viewer/prefix_override:/usr/lib/python3/dist-packages/colcon_core/task/python/colcon_distutils_commands:/home/ruize/Desktop/ShuCao_object_follower/install/camera_viewer/lib/python3.10/site-packages:${PYTHONPATH} /usr/bin/python3 -W ignore:setup.py install is deprecated setup.py egg_info --egg-base ../build/camera_viewer build --build-base /home/ruize/Desktop/ShuCao_object_follower/build/camera_viewer/build install --record /home/ruize/Desktop/ShuCao_object_follower/build/camera_viewer/install.log --single-version-externally-managed install_data
[1.029s] running egg_info
[1.029s] writing ../build/camera_viewer/camera_viewer.egg-info/PKG-INFO
[1.030s] writing dependency_links to ../build/camera_viewer/camera_viewer.egg-info/dependency_links.txt
[1.030s] writing entry points to ../build/camera_viewer/camera_viewer.egg-info/entry_points.txt
[1.030s] writing requirements to ../build/camera_viewer/camera_viewer.egg-info/requires.txt
[1.030s] writing top-level names to ../build/camera_viewer/camera_viewer.egg-info/top_level.txt
[1.032s] reading manifest file '../build/camera_viewer/camera_viewer.egg-info/SOURCES.txt'
[1.033s] writing manifest file '../build/camera_viewer/camera_viewer.egg-info/SOURCES.txt'
[1.034s] running build
[1.034s] running build_py
[1.034s] copying camera_viewer/view_image_raw.py -> /home/ruize/Desktop/ShuCao_object_follower/build/camera_viewer/build/lib/camera_viewer
[1.034s] running install
[1.035s] running install_lib
[1.036s] copying /home/ruize/Desktop/ShuCao_object_follower/build/camera_viewer/build/lib/camera_viewer/view_image_raw.py -> /home/ruize/Desktop/ShuCao_object_follower/install/camera_viewer/lib/python3.10/site-packages/camera_viewer
[1.037s] byte-compiling /home/ruize/Desktop/ShuCao_object_follower/install/camera_viewer/lib/python3.10/site-packages/camera_viewer/view_image_raw.py to view_image_raw.cpython-310.pyc
[1.039s] running install_data
[1.040s] running install_egg_info
[1.042s] removing '/home/ruize/Desktop/ShuCao_object_follower/install/camera_viewer/lib/python3.10/site-packages/camera_viewer-0.0.0-py3.10.egg-info' (and everything under it)
[1.042s] Copying ../build/camera_viewer/camera_viewer.egg-info to /home/ruize/Desktop/ShuCao_object_follower/install/camera_viewer/lib/python3.10/site-packages/camera_viewer-0.0.0-py3.10.egg-info
[1.043s] running install_scripts
[1.065s] Installing test_view script to /home/ruize/Desktop/ShuCao_object_follower/install/camera_viewer/lib/camera_viewer
[1.065s] Installing view_image script to /home/ruize/Desktop/ShuCao_object_follower/install/camera_viewer/lib/camera_viewer
[1.066s] writing list of installed files to '/home/ruize/Desktop/ShuCao_object_follower/build/camera_viewer/install.log'
[1.088s] Invoked command in '/home/ruize/Desktop/ShuCao_object_follower/src' returned '0': CONDA_PROMPT_MODIFIER=(base) PYTHONPATH=/home/ruize/Desktop/ShuCao_object_follower/build/camera_viewer/prefix_override:/usr/lib/python3/dist-packages/colcon_core/task/python/colcon_distutils_commands:/home/ruize/Desktop/ShuCao_object_follower/install/camera_viewer/lib/python3.10/site-packages:${PYTHONPATH} /usr/bin/python3 -W ignore:setup.py install is deprecated setup.py egg_info --egg-base ../build/camera_viewer build --build-base /home/ruize/Desktop/ShuCao_object_follower/build/camera_viewer/build install --record /home/ruize/Desktop/ShuCao_object_follower/build/camera_viewer/install.log --single-version-externally-managed install_data
