running egg_info
writing ../build/camera_viewer/camera_viewer.egg-info/PKG-INFO
writing dependency_links to ../build/camera_viewer/camera_viewer.egg-info/dependency_links.txt
writing entry points to ../build/camera_viewer/camera_viewer.egg-info/entry_points.txt
writing requirements to ../build/camera_viewer/camera_viewer.egg-info/requires.txt
writing top-level names to ../build/camera_viewer/camera_viewer.egg-info/top_level.txt
reading manifest file '../build/camera_viewer/camera_viewer.egg-info/SOURCES.txt'
writing manifest file '../build/camera_viewer/camera_viewer.egg-info/SOURCES.txt'
running build
running build_py
running install
running install_lib
running install_data
running install_egg_info
removing '/home/ruize/Desktop/ShuCao_object_follower/install/camera_viewer/lib/python3.10/site-packages/camera_viewer-0.0.0-py3.10.egg-info' (and everything under it)
Copying ../build/camera_viewer/camera_viewer.egg-info to /home/ruize/Desktop/ShuCao_object_follower/install/camera_viewer/lib/python3.10/site-packages/camera_viewer-0.0.0-py3.10.egg-info
running install_scripts
Installing find_object script to /home/ruize/Desktop/ShuCao_object_follower/install/camera_viewer/lib/camera_viewer
Installing test_view script to /home/ruize/Desktop/ShuCao_object_follower/install/camera_viewer/lib/camera_viewer
Installing view_image script to /home/ruize/Desktop/ShuCao_object_follower/install/camera_viewer/lib/camera_viewer
writing list of installed files to '/home/ruize/Desktop/ShuCao_object_follower/build/camera_viewer/install.log'
