[0.108s] DEBUG:colcon:Command line arguments: ['/usr/bin/colcon', 'build']
[0.108s] DEBUG:colcon:Parsed command line arguments: Namespace(log_base=None, log_level=None, verb_name='build', build_base='build', install_base='install', merge_install=False, symlink_install=False, test_result_base=None, continue_on_error=False, executor='parallel', parallel_workers=8, event_handlers=None, ignore_user_meta=False, metas=['./colcon.meta'], base_paths=['.'], packages_ignore=None, packages_ignore_regex=None, paths=None, packages_up_to=None, packages_up_to_regex=None, packages_above=None, packages_above_and_dependencies=None, packages_above_depth=None, packages_select_by_dep=None, packages_skip_by_dep=None, packages_skip_up_to=None, packages_select_build_failed=False, packages_skip_build_finished=False, packages_select_test_failures=False, packages_skip_test_passed=False, packages_select=None, packages_skip=None, packages_select_regex=None, packages_skip_regex=None, packages_start=None, packages_end=None, allow_overriding=[], cmake_args=None, cmake_target=None, cmake_target_skip_unavailable=False, cmake_clean_cache=False, cmake_clean_first=False, cmake_force_configure=False, ament_cmake_args=None, catkin_cmake_args=None, catkin_skip_building_tests=False, mixin_files=None, mixin=None, verb_parser=<colcon_mixin.mixin.mixin_argument.MixinArgumentDecorator object at 0x78b71b6460b0>, verb_extension=<colcon_core.verb.build.BuildVerb object at 0x78b71b7567d0>, main=<bound method BuildVerb.main of <colcon_core.verb.build.BuildVerb object at 0x78b71b7567d0>>, mixin_verb=('build',))
[0.267s] Level 1:colcon.colcon_core.package_discovery:discover_packages(colcon_meta) check parameters
[0.267s] Level 1:colcon.colcon_core.package_discovery:discover_packages(recursive) check parameters
[0.267s] Level 1:colcon.colcon_core.package_discovery:discover_packages(ignore) check parameters
[0.267s] Level 1:colcon.colcon_core.package_discovery:discover_packages(path) check parameters
[0.267s] Level 1:colcon.colcon_core.package_discovery:discover_packages(colcon_meta) discover
[0.268s] Level 1:colcon.colcon_core.package_discovery:discover_packages(recursive) discover
[0.268s] INFO:colcon.colcon_core.package_discovery:Crawling recursively for packages in '/home/ruize/Desktop/ShuCao_object_follower'
[0.268s] Level 1:colcon.colcon_core.package_identification:_identify(.) by extensions ['ignore', 'ignore_ament_install']
[0.268s] Level 1:colcon.colcon_core.package_identification:_identify(.) by extension 'ignore'
[0.268s] Level 1:colcon.colcon_core.package_identification:_identify(.) by extension 'ignore_ament_install'
[0.268s] Level 1:colcon.colcon_core.package_identification:_identify(.) by extensions ['colcon_pkg']
[0.268s] Level 1:colcon.colcon_core.package_identification:_identify(.) by extension 'colcon_pkg'
[0.268s] Level 1:colcon.colcon_core.package_identification:_identify(.) by extensions ['colcon_meta']
[0.268s] Level 1:colcon.colcon_core.package_identification:_identify(.) by extension 'colcon_meta'
[0.268s] Level 1:colcon.colcon_core.package_identification:_identify(.) by extensions ['ros']
[0.268s] Level 1:colcon.colcon_core.package_identification:_identify(.) by extension 'ros'
[0.279s] Level 1:colcon.colcon_core.package_identification:_identify(.) by extensions ['cmake', 'python']
[0.279s] Level 1:colcon.colcon_core.package_identification:_identify(.) by extension 'cmake'
[0.279s] Level 1:colcon.colcon_core.package_identification:_identify(.) by extension 'python'
[0.279s] Level 1:colcon.colcon_core.package_identification:_identify(.) by extensions ['python_setup_py']
[0.279s] Level 1:colcon.colcon_core.package_identification:_identify(.) by extension 'python_setup_py'
[0.280s] Level 1:colcon.colcon_core.package_identification:_identify(build) by extensions ['ignore', 'ignore_ament_install']
[0.280s] Level 1:colcon.colcon_core.package_identification:_identify(build) by extension 'ignore'
[0.280s] Level 1:colcon.colcon_core.package_identification:_identify(build) ignored
[0.280s] Level 1:colcon.colcon_core.package_identification:_identify(install) by extensions ['ignore', 'ignore_ament_install']
[0.280s] Level 1:colcon.colcon_core.package_identification:_identify(install) by extension 'ignore'
[0.280s] Level 1:colcon.colcon_core.package_identification:_identify(install) ignored
[0.280s] Level 1:colcon.colcon_core.package_identification:_identify(log) by extensions ['ignore', 'ignore_ament_install']
[0.280s] Level 1:colcon.colcon_core.package_identification:_identify(log) by extension 'ignore'
[0.280s] Level 1:colcon.colcon_core.package_identification:_identify(log) ignored
[0.280s] Level 1:colcon.colcon_core.package_identification:_identify(src) by extensions ['ignore', 'ignore_ament_install']
[0.280s] Level 1:colcon.colcon_core.package_identification:_identify(src) by extension 'ignore'
[0.280s] Level 1:colcon.colcon_core.package_identification:_identify(src) by extension 'ignore_ament_install'
[0.280s] Level 1:colcon.colcon_core.package_identification:_identify(src) by extensions ['colcon_pkg']
[0.281s] Level 1:colcon.colcon_core.package_identification:_identify(src) by extension 'colcon_pkg'
[0.281s] Level 1:colcon.colcon_core.package_identification:_identify(src) by extensions ['colcon_meta']
[0.281s] Level 1:colcon.colcon_core.package_identification:_identify(src) by extension 'colcon_meta'
[0.281s] Level 1:colcon.colcon_core.package_identification:_identify(src) by extensions ['ros']
[0.281s] Level 1:colcon.colcon_core.package_identification:_identify(src) by extension 'ros'
[0.283s] DEBUG:colcon.colcon_core.package_identification:Package 'src' with type 'ros.ament_python' and name 'camera_viewer'
[0.283s] Level 1:colcon.colcon_core.package_discovery:discover_packages(recursive) using defaults
[0.283s] Level 1:colcon.colcon_core.package_discovery:discover_packages(ignore) discover
[0.283s] Level 1:colcon.colcon_core.package_discovery:discover_packages(ignore) using defaults
[0.283s] Level 1:colcon.colcon_core.package_discovery:discover_packages(path) discover
[0.283s] Level 1:colcon.colcon_core.package_discovery:discover_packages(path) using defaults
[0.303s] Level 1:colcon.colcon_core.package_discovery:discover_packages(prefix_path) check parameters
[0.303s] Level 1:colcon.colcon_core.package_discovery:discover_packages(prefix_path) discover
[0.304s] DEBUG:colcon.colcon_installed_package_information.package_discovery:Found 1 installed packages in /home/ruize/Desktop/ShuCao_object_follower/install
[0.305s] DEBUG:colcon.colcon_installed_package_information.package_discovery:Found 1 installed packages in /home/ruize/Desktop/turtlebot3_ws/install
[0.306s] DEBUG:colcon.colcon_installed_package_information.package_discovery:Found 274 installed packages in /opt/ros/humble
[0.308s] Level 1:colcon.colcon_core.package_discovery:discover_packages(prefix_path) using defaults
[0.356s] Level 5:colcon.colcon_core.verb:set package 'camera_viewer' build argument 'cmake_args' from command line to 'None'
[0.356s] Level 5:colcon.colcon_core.verb:set package 'camera_viewer' build argument 'cmake_target' from command line to 'None'
[0.356s] Level 5:colcon.colcon_core.verb:set package 'camera_viewer' build argument 'cmake_target_skip_unavailable' from command line to 'False'
[0.356s] Level 5:colcon.colcon_core.verb:set package 'camera_viewer' build argument 'cmake_clean_cache' from command line to 'False'
[0.357s] Level 5:colcon.colcon_core.verb:set package 'camera_viewer' build argument 'cmake_clean_first' from command line to 'False'
[0.357s] Level 5:colcon.colcon_core.verb:set package 'camera_viewer' build argument 'cmake_force_configure' from command line to 'False'
[0.357s] Level 5:colcon.colcon_core.verb:set package 'camera_viewer' build argument 'ament_cmake_args' from command line to 'None'
[0.357s] Level 5:colcon.colcon_core.verb:set package 'camera_viewer' build argument 'catkin_cmake_args' from command line to 'None'
[0.357s] Level 5:colcon.colcon_core.verb:set package 'camera_viewer' build argument 'catkin_skip_building_tests' from command line to 'False'
[0.357s] DEBUG:colcon.colcon_core.verb:Building package 'camera_viewer' with the following arguments: {'ament_cmake_args': None, 'build_base': '/home/ruize/Desktop/ShuCao_object_follower/build/camera_viewer', 'catkin_cmake_args': None, 'catkin_skip_building_tests': False, 'cmake_args': None, 'cmake_clean_cache': False, 'cmake_clean_first': False, 'cmake_force_configure': False, 'cmake_target': None, 'cmake_target_skip_unavailable': False, 'install_base': '/home/ruize/Desktop/ShuCao_object_follower/install/camera_viewer', 'merge_install': False, 'path': '/home/ruize/Desktop/ShuCao_object_follower/src', 'symlink_install': False, 'test_result_base': None}
[0.357s] INFO:colcon.colcon_core.executor:Executing jobs using 'parallel' executor
[0.358s] DEBUG:colcon.colcon_parallel_executor.executor.parallel:run_until_complete
[0.358s] INFO:colcon.colcon_ros.task.ament_python.build:Building ROS package in '/home/ruize/Desktop/ShuCao_object_follower/src' with build type 'ament_python'
[0.358s] Level 1:colcon.colcon_core.shell:create_environment_hook('camera_viewer', 'ament_prefix_path')
[0.360s] INFO:colcon.colcon_core.plugin_system:Skipping extension 'colcon_core.shell.bat': Not used on non-Windows systems
[0.360s] INFO:colcon.colcon_core.shell:Creating environment hook '/home/ruize/Desktop/ShuCao_object_follower/install/camera_viewer/share/camera_viewer/hook/ament_prefix_path.ps1'
[0.361s] INFO:colcon.colcon_core.shell:Creating environment descriptor '/home/ruize/Desktop/ShuCao_object_follower/install/camera_viewer/share/camera_viewer/hook/ament_prefix_path.dsv'
[0.361s] INFO:colcon.colcon_core.shell:Creating environment hook '/home/ruize/Desktop/ShuCao_object_follower/install/camera_viewer/share/camera_viewer/hook/ament_prefix_path.sh'
[0.362s] INFO:colcon.colcon_core.shell:Skip shell extension 'powershell' for command environment: Not usable outside of PowerShell
[0.362s] DEBUG:colcon.colcon_core.shell:Skip shell extension 'dsv' for command environment
[0.642s] INFO:colcon.colcon_core.task.python.build:Building Python package in '/home/ruize/Desktop/ShuCao_object_follower/src'
[0.642s] INFO:colcon.colcon_core.shell:Skip shell extension 'powershell' for command environment: Not usable outside of PowerShell
[0.642s] DEBUG:colcon.colcon_core.shell:Skip shell extension 'dsv' for command environment
[1.020s] DEBUG:colcon.colcon_core.event_handler.log_command:Invoking command in '/home/ruize/Desktop/ShuCao_object_follower/src': CONDA_PROMPT_MODIFIER=(base) PYTHONPATH=/home/ruize/Desktop/ShuCao_object_follower/build/camera_viewer/prefix_override:/usr/lib/python3/dist-packages/colcon_core/task/python/colcon_distutils_commands:/home/ruize/Desktop/ShuCao_object_follower/install/camera_viewer/lib/python3.10/site-packages:${PYTHONPATH} /usr/bin/python3 -W ignore:setup.py install is deprecated setup.py egg_info --egg-base ../build/camera_viewer build --build-base /home/ruize/Desktop/ShuCao_object_follower/build/camera_viewer/build install --record /home/ruize/Desktop/ShuCao_object_follower/build/camera_viewer/install.log --single-version-externally-managed install_data
[1.320s] DEBUG:colcon.colcon_core.event_handler.log_command:Invoked command in '/home/ruize/Desktop/ShuCao_object_follower/src' returned '0': CONDA_PROMPT_MODIFIER=(base) PYTHONPATH=/home/ruize/Desktop/ShuCao_object_follower/build/camera_viewer/prefix_override:/usr/lib/python3/dist-packages/colcon_core/task/python/colcon_distutils_commands:/home/ruize/Desktop/ShuCao_object_follower/install/camera_viewer/lib/python3.10/site-packages:${PYTHONPATH} /usr/bin/python3 -W ignore:setup.py install is deprecated setup.py egg_info --egg-base ../build/camera_viewer build --build-base /home/ruize/Desktop/ShuCao_object_follower/build/camera_viewer/build install --record /home/ruize/Desktop/ShuCao_object_follower/build/camera_viewer/install.log --single-version-externally-managed install_data
[1.322s] Level 1:colcon.colcon_core.environment:checking '/home/ruize/Desktop/ShuCao_object_follower/install/camera_viewer' for CMake module files
[1.323s] Level 1:colcon.colcon_core.environment:checking '/home/ruize/Desktop/ShuCao_object_follower/install/camera_viewer' for CMake config files
[1.324s] Level 1:colcon.colcon_core.environment:checking '/home/ruize/Desktop/ShuCao_object_follower/install/camera_viewer/lib'
[1.324s] Level 1:colcon.colcon_core.environment:checking '/home/ruize/Desktop/ShuCao_object_follower/install/camera_viewer/bin'
[1.324s] Level 1:colcon.colcon_core.environment:checking '/home/ruize/Desktop/ShuCao_object_follower/install/camera_viewer/lib/pkgconfig/camera_viewer.pc'
[1.324s] Level 1:colcon.colcon_core.environment:checking '/home/ruize/Desktop/ShuCao_object_follower/install/camera_viewer/lib/python3.10/site-packages'
[1.324s] Level 1:colcon.colcon_core.shell:create_environment_hook('camera_viewer', 'pythonpath')
[1.325s] INFO:colcon.colcon_core.shell:Creating environment hook '/home/ruize/Desktop/ShuCao_object_follower/install/camera_viewer/share/camera_viewer/hook/pythonpath.ps1'
[1.325s] INFO:colcon.colcon_core.shell:Creating environment descriptor '/home/ruize/Desktop/ShuCao_object_follower/install/camera_viewer/share/camera_viewer/hook/pythonpath.dsv'
[1.325s] INFO:colcon.colcon_core.shell:Creating environment hook '/home/ruize/Desktop/ShuCao_object_follower/install/camera_viewer/share/camera_viewer/hook/pythonpath.sh'
[1.326s] Level 1:colcon.colcon_core.environment:checking '/home/ruize/Desktop/ShuCao_object_follower/install/camera_viewer/bin'
[1.326s] Level 1:colcon.colcon_core.environment:create_environment_scripts_only(camera_viewer)
[1.327s] INFO:colcon.colcon_core.shell:Creating package script '/home/ruize/Desktop/ShuCao_object_follower/install/camera_viewer/share/camera_viewer/package.ps1'
[1.327s] INFO:colcon.colcon_core.shell:Creating package descriptor '/home/ruize/Desktop/ShuCao_object_follower/install/camera_viewer/share/camera_viewer/package.dsv'
[1.328s] INFO:colcon.colcon_core.shell:Creating package script '/home/ruize/Desktop/ShuCao_object_follower/install/camera_viewer/share/camera_viewer/package.sh'
[1.329s] INFO:colcon.colcon_core.shell:Creating package script '/home/ruize/Desktop/ShuCao_object_follower/install/camera_viewer/share/camera_viewer/package.bash'
[1.330s] INFO:colcon.colcon_core.shell:Creating package script '/home/ruize/Desktop/ShuCao_object_follower/install/camera_viewer/share/camera_viewer/package.zsh'
[1.331s] Level 1:colcon.colcon_core.environment:create_file_with_runtime_dependencies(/home/ruize/Desktop/ShuCao_object_follower/install/camera_viewer/share/colcon-core/packages/camera_viewer)
[1.331s] DEBUG:colcon.colcon_parallel_executor.executor.parallel:closing loop
[1.331s] DEBUG:colcon.colcon_parallel_executor.executor.parallel:loop closed
[1.332s] DEBUG:colcon.colcon_parallel_executor.executor.parallel:run_until_complete finished with '0'
[1.332s] DEBUG:colcon.colcon_core.event_reactor:joining thread
[1.337s] INFO:colcon.colcon_core.plugin_system:Skipping extension 'colcon_notification.desktop_notification.terminal_notifier': Not used on non-Darwin systems
[1.337s] INFO:colcon.colcon_core.plugin_system:Skipping extension 'colcon_notification.desktop_notification.win32': Not used on non-Windows systems
[1.337s] INFO:colcon.colcon_notification.desktop_notification:Sending desktop notification using 'notify2'
[1.351s] DEBUG:colcon.colcon_core.event_reactor:joined thread
[1.352s] INFO:colcon.colcon_core.shell:Creating prefix script '/home/ruize/Desktop/ShuCao_object_follower/install/local_setup.ps1'
[1.353s] INFO:colcon.colcon_core.shell:Creating prefix util module '/home/ruize/Desktop/ShuCao_object_follower/install/_local_setup_util_ps1.py'
[1.354s] INFO:colcon.colcon_core.shell:Creating prefix chain script '/home/ruize/Desktop/ShuCao_object_follower/install/setup.ps1'
[1.358s] INFO:colcon.colcon_core.shell:Creating prefix script '/home/ruize/Desktop/ShuCao_object_follower/install/local_setup.sh'
[1.362s] INFO:colcon.colcon_core.shell:Creating prefix util module '/home/ruize/Desktop/ShuCao_object_follower/install/_local_setup_util_sh.py'
[1.363s] INFO:colcon.colcon_core.shell:Creating prefix chain script '/home/ruize/Desktop/ShuCao_object_follower/install/setup.sh'
[1.366s] INFO:colcon.colcon_core.shell:Creating prefix script '/home/ruize/Desktop/ShuCao_object_follower/install/local_setup.bash'
[1.367s] INFO:colcon.colcon_core.shell:Creating prefix chain script '/home/ruize/Desktop/ShuCao_object_follower/install/setup.bash'
[1.369s] INFO:colcon.colcon_core.shell:Creating prefix script '/home/ruize/Desktop/ShuCao_object_follower/install/local_setup.zsh'
[1.370s] INFO:colcon.colcon_core.shell:Creating prefix chain script '/home/ruize/Desktop/ShuCao_object_follower/install/setup.zsh'
