running egg_info
writing ../build/camera_viewer/camera_viewer.egg-info/PKG-INFO
writing dependency_links to ../build/camera_viewer/camera_viewer.egg-info/dependency_links.txt
writing entry points to ../build/camera_viewer/camera_viewer.egg-info/entry_points.txt
writing requirements to ../build/camera_viewer/camera_viewer.egg-info/requires.txt
writing top-level names to ../build/camera_viewer/camera_viewer.egg-info/top_level.txt
reading manifest file '../build/camera_viewer/camera_viewer.egg-info/SOURCES.txt'
writing manifest file '../build/camera_viewer/camera_viewer.egg-info/SOURCES.txt'
running build
running build_py
copying camera_viewer/__init__.py -> /home/pengyuan/Desktop/turtlebot3_ws/build/camera_viewer/build/lib/camera_viewer
copying camera_viewer/find_color.py -> /home/pengyuan/Desktop/turtlebot3_ws/build/camera_viewer/build/lib/camera_viewer
copying camera_viewer/find_object.py -> /home/pengyuan/Desktop/turtlebot3_ws/build/camera_viewer/build/lib/camera_viewer
copying camera_viewer/view_image_raw2.py -> /home/pengyuan/Desktop/turtlebot3_ws/build/camera_viewer/build/lib/camera_viewer
running install
running install_lib
copying /home/pengyuan/Desktop/turtlebot3_ws/build/camera_viewer/build/lib/camera_viewer/__init__.py -> /home/pengyuan/Desktop/turtlebot3_ws/install/camera_viewer/lib/python3.10/site-packages/camera_viewer
copying /home/pengyuan/Desktop/turtlebot3_ws/build/camera_viewer/build/lib/camera_viewer/find_color.py -> /home/pengyuan/Desktop/turtlebot3_ws/install/camera_viewer/lib/python3.10/site-packages/camera_viewer
copying /home/pengyuan/Desktop/turtlebot3_ws/build/camera_viewer/build/lib/camera_viewer/find_object.py -> /home/pengyuan/Desktop/turtlebot3_ws/install/camera_viewer/lib/python3.10/site-packages/camera_viewer
copying /home/pengyuan/Desktop/turtlebot3_ws/build/camera_viewer/build/lib/camera_viewer/view_image_raw2.py -> /home/pengyuan/Desktop/turtlebot3_ws/install/camera_viewer/lib/python3.10/site-packages/camera_viewer
byte-compiling /home/pengyuan/Desktop/turtlebot3_ws/install/camera_viewer/lib/python3.10/site-packages/camera_viewer/__init__.py to __init__.cpython-310.pyc
byte-compiling /home/pengyuan/Desktop/turtlebot3_ws/install/camera_viewer/lib/python3.10/site-packages/camera_viewer/find_color.py to find_color.cpython-310.pyc
byte-compiling /home/pengyuan/Desktop/turtlebot3_ws/install/camera_viewer/lib/python3.10/site-packages/camera_viewer/find_object.py to find_object.cpython-310.pyc
byte-compiling /home/pengyuan/Desktop/turtlebot3_ws/install/camera_viewer/lib/python3.10/site-packages/camera_viewer/view_image_raw2.py to view_image_raw2.cpython-310.pyc
running install_data
copying resource/camera_viewer -> /home/pengyuan/Desktop/turtlebot3_ws/install/camera_viewer/share/ament_index/resource_index/packages
copying package.xml -> /home/pengyuan/Desktop/turtlebot3_ws/install/camera_viewer/share/camera_viewer
running install_egg_info
removing '/home/pengyuan/Desktop/turtlebot3_ws/install/camera_viewer/lib/python3.10/site-packages/camera_viewer-0.0.0-py3.10.egg-info' (and everything under it)
Copying ../build/camera_viewer/camera_viewer.egg-info to /home/pengyuan/Desktop/turtlebot3_ws/install/camera_viewer/lib/python3.10/site-packages/camera_viewer-0.0.0-py3.10.egg-info
running install_scripts
Installing find_color script to /home/pengyuan/Desktop/turtlebot3_ws/install/camera_viewer/lib/camera_viewer
Installing find_object script to /home/pengyuan/Desktop/turtlebot3_ws/install/camera_viewer/lib/camera_viewer
Installing test_view script to /home/pengyuan/Desktop/turtlebot3_ws/install/camera_viewer/lib/camera_viewer
Installing view_image script to /home/pengyuan/Desktop/turtlebot3_ws/install/camera_viewer/lib/camera_viewer
writing list of installed files to '/home/pengyuan/Desktop/turtlebot3_ws/build/camera_viewer/install.log'
