[1.041s] Invoking command in '/home/pengyuan/Desktop/turtlebot3_ws/src': PYTHONPATH=/home/pengyuan/Desktop/turtlebot3_ws/build/camera_viewer/prefix_override:/usr/lib/python3/dist-packages/colcon_core/task/python/colcon_distutils_commands:/home/pengyuan/Desktop/turtlebot3_ws/install/camera_viewer/lib/python3.10/site-packages:${PYTHONPATH} /usr/bin/python3 -W ignore:setup.py install is deprecated setup.py egg_info --egg-base ../build/camera_viewer build --build-base /home/pengyuan/Desktop/turtlebot3_ws/build/camera_viewer/build install --record /home/pengyuan/Desktop/turtlebot3_ws/build/camera_viewer/install.log --single-version-externally-managed install_data
[1.290s] running egg_info
[1.290s] writing ../build/camera_viewer/camera_viewer.egg-info/PKG-INFO
[1.290s] writing dependency_links to ../build/camera_viewer/camera_viewer.egg-info/dependency_links.txt
[1.292s] writing entry points to ../build/camera_viewer/camera_viewer.egg-info/entry_points.txt
[1.292s] writing requirements to ../build/camera_viewer/camera_viewer.egg-info/requires.txt
[1.292s] writing top-level names to ../build/camera_viewer/camera_viewer.egg-info/top_level.txt
[1.294s] reading manifest file '../build/camera_viewer/camera_viewer.egg-info/SOURCES.txt'
[1.295s] writing manifest file '../build/camera_viewer/camera_viewer.egg-info/SOURCES.txt'
[1.295s] running build
[1.295s] running build_py
[1.295s] copying camera_viewer/__init__.py -> /home/pengyuan/Desktop/turtlebot3_ws/build/camera_viewer/build/lib/camera_viewer
[1.295s] copying camera_viewer/find_color.py -> /home/pengyuan/Desktop/turtlebot3_ws/build/camera_viewer/build/lib/camera_viewer
[1.296s] copying camera_viewer/find_object.py -> /home/pengyuan/Desktop/turtlebot3_ws/build/camera_viewer/build/lib/camera_viewer
[1.296s] copying camera_viewer/view_image_raw2.py -> /home/pengyuan/Desktop/turtlebot3_ws/build/camera_viewer/build/lib/camera_viewer
[1.296s] running install
[1.296s] running install_lib
[1.297s] copying /home/pengyuan/Desktop/turtlebot3_ws/build/camera_viewer/build/lib/camera_viewer/__init__.py -> /home/pengyuan/Desktop/turtlebot3_ws/install/camera_viewer/lib/python3.10/site-packages/camera_viewer
[1.297s] copying /home/pengyuan/Desktop/turtlebot3_ws/build/camera_viewer/build/lib/camera_viewer/find_color.py -> /home/pengyuan/Desktop/turtlebot3_ws/install/camera_viewer/lib/python3.10/site-packages/camera_viewer
[1.297s] copying /home/pengyuan/Desktop/turtlebot3_ws/build/camera_viewer/build/lib/camera_viewer/find_object.py -> /home/pengyuan/Desktop/turtlebot3_ws/install/camera_viewer/lib/python3.10/site-packages/camera_viewer
[1.297s] copying /home/pengyuan/Desktop/turtlebot3_ws/build/camera_viewer/build/lib/camera_viewer/view_image_raw2.py -> /home/pengyuan/Desktop/turtlebot3_ws/install/camera_viewer/lib/python3.10/site-packages/camera_viewer
[1.297s] byte-compiling /home/pengyuan/Desktop/turtlebot3_ws/install/camera_viewer/lib/python3.10/site-packages/camera_viewer/__init__.py to __init__.cpython-310.pyc
[1.298s] byte-compiling /home/pengyuan/Desktop/turtlebot3_ws/install/camera_viewer/lib/python3.10/site-packages/camera_viewer/find_color.py to find_color.cpython-310.pyc
[1.298s] byte-compiling /home/pengyuan/Desktop/turtlebot3_ws/install/camera_viewer/lib/python3.10/site-packages/camera_viewer/find_object.py to find_object.cpython-310.pyc
[1.299s] byte-compiling /home/pengyuan/Desktop/turtlebot3_ws/install/camera_viewer/lib/python3.10/site-packages/camera_viewer/view_image_raw2.py to view_image_raw2.cpython-310.pyc
[1.300s] running install_data
[1.300s] copying resource/camera_viewer -> /home/pengyuan/Desktop/turtlebot3_ws/install/camera_viewer/share/ament_index/resource_index/packages
[1.300s] copying package.xml -> /home/pengyuan/Desktop/turtlebot3_ws/install/camera_viewer/share/camera_viewer
[1.300s] running install_egg_info
[1.302s] removing '/home/pengyuan/Desktop/turtlebot3_ws/install/camera_viewer/lib/python3.10/site-packages/camera_viewer-0.0.0-py3.10.egg-info' (and everything under it)
[1.303s] Copying ../build/camera_viewer/camera_viewer.egg-info to /home/pengyuan/Desktop/turtlebot3_ws/install/camera_viewer/lib/python3.10/site-packages/camera_viewer-0.0.0-py3.10.egg-info
[1.303s] running install_scripts
[1.323s] Installing find_color script to /home/pengyuan/Desktop/turtlebot3_ws/install/camera_viewer/lib/camera_viewer
[1.323s] Installing find_object script to /home/pengyuan/Desktop/turtlebot3_ws/install/camera_viewer/lib/camera_viewer
[1.323s] Installing test_view script to /home/pengyuan/Desktop/turtlebot3_ws/install/camera_viewer/lib/camera_viewer
[1.324s] Installing view_image script to /home/pengyuan/Desktop/turtlebot3_ws/install/camera_viewer/lib/camera_viewer
[1.325s] writing list of installed files to '/home/pengyuan/Desktop/turtlebot3_ws/build/camera_viewer/install.log'
[1.347s] Invoked command in '/home/pengyuan/Desktop/turtlebot3_ws/src' returned '0': PYTHONPATH=/home/pengyuan/Desktop/turtlebot3_ws/build/camera_viewer/prefix_override:/usr/lib/python3/dist-packages/colcon_core/task/python/colcon_distutils_commands:/home/pengyuan/Desktop/turtlebot3_ws/install/camera_viewer/lib/python3.10/site-packages:${PYTHONPATH} /usr/bin/python3 -W ignore:setup.py install is deprecated setup.py egg_info --egg-base ../build/camera_viewer build --build-base /home/pengyuan/Desktop/turtlebot3_ws/build/camera_viewer/build install --record /home/pengyuan/Desktop/turtlebot3_ws/build/camera_viewer/install.log --single-version-externally-managed install_data
