/home/pengyuan/Desktop/turtlebot3_ws/install/camera_viewer/lib/python3.10/site-packages/camera_viewer/__init__.py
/home/pengyuan/Desktop/turtlebot3_ws/install/camera_viewer/lib/python3.10/site-packages/camera_viewer/find_color.py
/home/pengyuan/Desktop/turtlebot3_ws/install/camera_viewer/lib/python3.10/site-packages/camera_viewer/find_object.py
/home/pengyuan/Desktop/turtlebot3_ws/install/camera_viewer/lib/python3.10/site-packages/camera_viewer/view_image_raw2.py
/home/pengyuan/Desktop/turtlebot3_ws/install/camera_viewer/lib/python3.10/site-packages/camera_viewer/view_image_raw.py
/home/pengyuan/Desktop/turtlebot3_ws/install/camera_viewer/lib/python3.10/site-packages/camera_viewer/__pycache__/__init__.cpython-310.pyc
/home/pengyuan/Desktop/turtlebot3_ws/install/camera_viewer/lib/python3.10/site-packages/camera_viewer/__pycache__/find_color.cpython-310.pyc
/home/pengyuan/Desktop/turtlebot3_ws/install/camera_viewer/lib/python3.10/site-packages/camera_viewer/__pycache__/find_object.cpython-310.pyc
/home/pengyuan/Desktop/turtlebot3_ws/install/camera_viewer/lib/python3.10/site-packages/camera_viewer/__pycache__/view_image_raw2.cpython-310.pyc
/home/pengyuan/Desktop/turtlebot3_ws/install/camera_viewer/lib/python3.10/site-packages/camera_viewer/__pycache__/view_image_raw.cpython-310.pyc
/home/pengyuan/Desktop/turtlebot3_ws/install/camera_viewer/share/ament_index/resource_index/packages/camera_viewer
/home/pengyuan/Desktop/turtlebot3_ws/install/camera_viewer/share/camera_viewer/package.xml
/home/pengyuan/Desktop/turtlebot3_ws/install/camera_viewer/lib/python3.10/site-packages/camera_viewer-0.0.0-py3.10.egg-info/dependency_links.txt
/home/pengyuan/Desktop/turtlebot3_ws/install/camera_viewer/lib/python3.10/site-packages/camera_viewer-0.0.0-py3.10.egg-info/SOURCES.txt
/home/pengyuan/Desktop/turtlebot3_ws/install/camera_viewer/lib/python3.10/site-packages/camera_viewer-0.0.0-py3.10.egg-info/entry_points.txt
/home/pengyuan/Desktop/turtlebot3_ws/install/camera_viewer/lib/python3.10/site-packages/camera_viewer-0.0.0-py3.10.egg-info/requires.txt
/home/pengyuan/Desktop/turtlebot3_ws/install/camera_viewer/lib/python3.10/site-packages/camera_viewer-0.0.0-py3.10.egg-info/PKG-INFO
/home/pengyuan/Desktop/turtlebot3_ws/install/camera_viewer/lib/python3.10/site-packages/camera_viewer-0.0.0-py3.10.egg-info/top_level.txt
/home/pengyuan/Desktop/turtlebot3_ws/install/camera_viewer/lib/python3.10/site-packages/camera_viewer-0.0.0-py3.10.egg-info/zip-safe
/home/pengyuan/Desktop/turtlebot3_ws/install/camera_viewer/lib/camera_viewer/find_color
/home/pengyuan/Desktop/turtlebot3_ws/install/camera_viewer/lib/camera_viewer/find_object
/home/pengyuan/Desktop/turtlebot3_ws/install/camera_viewer/lib/camera_viewer/test_view
/home/pengyuan/Desktop/turtlebot3_ws/install/camera_viewer/lib/camera_viewer/view_image
