[0.631s] Invoking command in '/home/ruize/Desktop/ShuCao_object_follower/src': CONDA_PROMPT_MODIFIER=(base) PYTHONPATH=/home/ruize/Desktop/ShuCao_object_follower/build/camera_viewer/prefix_override:/usr/lib/python3/dist-packages/colcon_core/task/python/colcon_distutils_commands:/home/ruize/Desktop/ShuCao_object_follower/install/camera_viewer/lib/python3.10/site-packages:${PYTHONPATH} /usr/bin/python3 -W ignore:setup.py install is deprecated setup.py egg_info --egg-base ../build/camera_viewer build --build-base /home/ruize/Desktop/ShuCao_object_follower/build/camera_viewer/build install --record /home/ruize/Desktop/ShuCao_object_follower/build/camera_viewer/install.log --single-version-externally-managed install_data
[0.876s] running egg_info
[0.877s] creating ../build/camera_viewer/camera_viewer.egg-info
[0.877s] writing ../build/camera_viewer/camera_viewer.egg-info/PKG-INFO
[0.877s] writing dependency_links to ../build/camera_viewer/camera_viewer.egg-info/dependency_links.txt
[0.877s] writing entry points to ../build/camera_viewer/camera_viewer.egg-info/entry_points.txt
[0.877s] writing requirements to ../build/camera_viewer/camera_viewer.egg-info/requires.txt
[0.877s] writing top-level names to ../build/camera_viewer/camera_viewer.egg-info/top_level.txt
[0.878s] writing manifest file '../build/camera_viewer/camera_viewer.egg-info/SOURCES.txt'
[0.879s] reading manifest file '../build/camera_viewer/camera_viewer.egg-info/SOURCES.txt'
[0.880s] writing manifest file '../build/camera_viewer/camera_viewer.egg-info/SOURCES.txt'
[0.880s] running build
[0.880s] running build_py
[0.881s] creating /home/ruize/Desktop/ShuCao_object_follower/build/camera_viewer/build
[0.881s] creating /home/ruize/Desktop/ShuCao_object_follower/build/camera_viewer/build/lib
[0.881s] creating /home/ruize/Desktop/ShuCao_object_follower/build/camera_viewer/build/lib/camera_viewer
[0.881s] copying camera_viewer/__init__.py -> /home/ruize/Desktop/ShuCao_object_follower/build/camera_viewer/build/lib/camera_viewer
[0.881s] copying camera_viewer/view_image_raw2.py -> /home/ruize/Desktop/ShuCao_object_follower/build/camera_viewer/build/lib/camera_viewer
[0.881s] copying camera_viewer/view_image_raw.py -> /home/ruize/Desktop/ShuCao_object_follower/build/camera_viewer/build/lib/camera_viewer
[0.881s] running install
[0.881s] running install_lib
[0.882s] creating /home/ruize/Desktop/ShuCao_object_follower/install/camera_viewer/lib/python3.10/site-packages/camera_viewer
[0.882s] copying /home/ruize/Desktop/ShuCao_object_follower/build/camera_viewer/build/lib/camera_viewer/__init__.py -> /home/ruize/Desktop/ShuCao_object_follower/install/camera_viewer/lib/python3.10/site-packages/camera_viewer
[0.882s] copying /home/ruize/Desktop/ShuCao_object_follower/build/camera_viewer/build/lib/camera_viewer/view_image_raw2.py -> /home/ruize/Desktop/ShuCao_object_follower/install/camera_viewer/lib/python3.10/site-packages/camera_viewer
[0.883s] copying /home/ruize/Desktop/ShuCao_object_follower/build/camera_viewer/build/lib/camera_viewer/view_image_raw.py -> /home/ruize/Desktop/ShuCao_object_follower/install/camera_viewer/lib/python3.10/site-packages/camera_viewer
[0.883s] byte-compiling /home/ruize/Desktop/ShuCao_object_follower/install/camera_viewer/lib/python3.10/site-packages/camera_viewer/__init__.py to __init__.cpython-310.pyc
[0.883s] byte-compiling /home/ruize/Desktop/ShuCao_object_follower/install/camera_viewer/lib/python3.10/site-packages/camera_viewer/view_image_raw2.py to view_image_raw2.cpython-310.pyc
[0.884s] byte-compiling /home/ruize/Desktop/ShuCao_object_follower/install/camera_viewer/lib/python3.10/site-packages/camera_viewer/view_image_raw.py to view_image_raw.cpython-310.pyc
[0.884s] running install_data
[0.885s] creating /home/ruize/Desktop/ShuCao_object_follower/install/camera_viewer/share/ament_index
[0.885s] creating /home/ruize/Desktop/ShuCao_object_follower/install/camera_viewer/share/ament_index/resource_index
[0.885s] creating /home/ruize/Desktop/ShuCao_object_follower/install/camera_viewer/share/ament_index/resource_index/packages
[0.885s] copying resource/camera_viewer -> /home/ruize/Desktop/ShuCao_object_follower/install/camera_viewer/share/ament_index/resource_index/packages
[0.885s] copying package.xml -> /home/ruize/Desktop/ShuCao_object_follower/install/camera_viewer/share/camera_viewer
[0.885s] running install_egg_info
[0.886s] Copying ../build/camera_viewer/camera_viewer.egg-info to /home/ruize/Desktop/ShuCao_object_follower/install/camera_viewer/lib/python3.10/site-packages/camera_viewer-0.0.0-py3.10.egg-info
[0.887s] running install_scripts
[0.909s] Installing test_view script to /home/ruize/Desktop/ShuCao_object_follower/install/camera_viewer/lib/camera_viewer
[0.909s] Installing view_image script to /home/ruize/Desktop/ShuCao_object_follower/install/camera_viewer/lib/camera_viewer
[0.909s] writing list of installed files to '/home/ruize/Desktop/ShuCao_object_follower/build/camera_viewer/install.log'
[0.939s] Invoked command in '/home/ruize/Desktop/ShuCao_object_follower/src' returned '0': CONDA_PROMPT_MODIFIER=(base) PYTHONPATH=/home/ruize/Desktop/ShuCao_object_follower/build/camera_viewer/prefix_override:/usr/lib/python3/dist-packages/colcon_core/task/python/colcon_distutils_commands:/home/ruize/Desktop/ShuCao_object_follower/install/camera_viewer/lib/python3.10/site-packages:${PYTHONPATH} /usr/bin/python3 -W ignore:setup.py install is deprecated setup.py egg_info --egg-base ../build/camera_viewer build --build-base /home/ruize/Desktop/ShuCao_object_follower/build/camera_viewer/build install --record /home/ruize/Desktop/ShuCao_object_follower/build/camera_viewer/install.log --single-version-externally-managed install_data
